INFO  2017-10-04 00:23:19,969 vn.com.neo.wcg.Main ===========Start get files
 
INFO  2017-10-04 00:23:19,998 vn.com.neo.wcg.Main ===========Bat dau tim file!!!!!
 
INFO  2017-10-04 00:23:19,998 vn.com.neo.wcg.Main ===========Bat dau check file!!!!!
 
WARN  2017-10-04 00:23:19,999 vn.com.neo.wcg.Main ===========Khong co file moi
 
INFO  2017-10-04 00:23:19,999 vn.com.neo.wcg.Main ===========Sleep 1 gio
 
INFO  2017-10-04 01:23:19,794 vn.com.neo.wcg.Main ===========Start get files
 
INFO  2017-10-04 01:23:19,796 vn.com.neo.wcg.Main ===========Bat dau tim file!!!!!
 
INFO  2017-10-04 01:23:19,796 vn.com.neo.wcg.Main ===========Bat dau check file!!!!!
 
WARN  2017-10-04 01:23:19,796 vn.com.neo.wcg.Main ===========Khong co file moi
 
INFO  2017-10-04 01:23:19,796 vn.com.neo.wcg.Main ===========Sleep 1 gio
 
INFO  2017-10-04 02:23:19,592 vn.com.neo.wcg.Main ===========Start get files
 
INFO  2017-10-04 02:23:19,593 vn.com.neo.wcg.Main ===========Bat dau tim file!!!!!
 
INFO  2017-10-04 02:23:19,593 vn.com.neo.wcg.Main ===========Bat dau check file!!!!!
 
WARN  2017-10-04 02:23:19,594 vn.com.neo.wcg.Main ===========Khong co file moi
 
INFO  2017-10-04 02:23:19,594 vn.com.neo.wcg.Main ===========Sleep 1 gio
 
INFO  2017-10-04 03:23:19,389 vn.com.neo.wcg.Main ===========Start get files
 
INFO  2017-10-04 03:23:19,391 vn.com.neo.wcg.Main ===========Bat dau tim file!!!!!
 
INFO  2017-10-04 03:23:19,391 vn.com.neo.wcg.Main ===========Bat dau check file!!!!!
 
WARN  2017-10-04 03:23:19,392 vn.com.neo.wcg.Main ===========Khong co file moi
 
INFO  2017-10-04 03:23:19,392 vn.com.neo.wcg.Main ===========Sleep 1 gio
 
INFO  2017-10-04 04:23:19,187 vn.com.neo.wcg.Main ===========Start get files
 
INFO  2017-10-04 04:23:19,189 vn.com.neo.wcg.Main ===========Bat dau tim file!!!!!
 
INFO  2017-10-04 04:23:19,189 vn.com.neo.wcg.Main ===========Bat dau check file!!!!!
 
WARN  2017-10-04 04:23:19,189 vn.com.neo.wcg.Main ===========Khong co file moi
 
INFO  2017-10-04 04:23:19,190 vn.com.neo.wcg.Main ===========Sleep 1 gio
 
INFO  2017-10-04 05:23:18,986 vn.com.neo.wcg.Main ===========Start get files
 
INFO  2017-10-04 05:23:18,987 vn.com.neo.wcg.Main ===========Bat dau tim file!!!!!
 
INFO  2017-10-04 05:23:18,988 vn.com.neo.wcg.Main ===========Bat dau check file!!!!!
 
WARN  2017-10-04 05:23:18,988 vn.com.neo.wcg.Main ===========Khong co file moi
 
INFO  2017-10-04 05:23:18,988 vn.com.neo.wcg.Main ===========Sleep 1 gio
 
INFO  2017-10-04 06:23:18,783 vn.com.neo.wcg.Main ===========Start get files
 
INFO  2017-10-04 06:23:18,784 vn.com.neo.wcg.Main ===========Bat dau tim file!!!!!
 
INFO  2017-10-04 06:23:18,784 vn.com.neo.wcg.Main ===========Bat dau check file!!!!!
 
WARN  2017-10-04 06:23:18,784 vn.com.neo.wcg.Main ===========Khong co file moi
 
INFO  2017-10-04 06:23:18,784 vn.com.neo.wcg.Main ===========Sleep 1 gio
 
INFO  2017-10-04 07:23:18,579 vn.com.neo.wcg.Main ===========Start get files
 
INFO  2017-10-04 07:23:18,581 vn.com.neo.wcg.Main ===========Bat dau tim file!!!!!
 
INFO  2017-10-04 07:23:18,581 vn.com.neo.wcg.Main ===========Bat dau check file!!!!!
 
WARN  2017-10-04 07:23:18,581 vn.com.neo.wcg.Main ===========Khong co file moi
 
INFO  2017-10-04 07:23:18,581 vn.com.neo.wcg.Main ===========Sleep 1 gio
 
INFO  2017-10-04 08:23:18,376 vn.com.neo.wcg.Main ===========Start get files
 
INFO  2017-10-04 08:23:18,377 vn.com.neo.wcg.Main ===========Bat dau tim file!!!!!
 
INFO  2017-10-04 08:23:18,378 vn.com.neo.wcg.Main ===========Bat dau check file!!!!!
 
WARN  2017-10-04 08:23:18,378 vn.com.neo.wcg.Main ===========Khong co file moi
 
INFO  2017-10-04 08:23:18,378 vn.com.neo.wcg.Main ===========Sleep 1 gio
 
INFO  2017-10-04 09:23:18,174 vn.com.neo.wcg.Main ===========Start get files
 
INFO  2017-10-04 09:23:18,176 vn.com.neo.wcg.Main ===========Bat dau tim file!!!!!
 
INFO  2017-10-04 09:23:18,176 vn.com.neo.wcg.Main ===========Bat dau check file!!!!!
 
WARN  2017-10-04 09:23:18,176 vn.com.neo.wcg.Main ===========Khong co file moi
 
INFO  2017-10-04 09:23:18,177 vn.com.neo.wcg.Main ===========Sleep 1 gio
 
INFO  2017-10-04 10:18:42,129 vn.com.neo.wcg.Main ===========Load properties file
 
INFO  2017-10-04 10:18:42,131 vn.com.neo.wcg.Main ===========Bat dau chay ham run
 
INFO  2017-10-04 10:18:42,133 vn.com.neo.wcg.Main ===========Start get files
 
INFO  2017-10-04 10:18:42,133 vn.com.neo.wcg.Main ===========Bat dau tim file!!!!!
 
INFO  2017-10-04 10:18:42,135 vn.com.neo.wcg.Main ===========Bat dau check file!!!!!
 
WARN  2017-10-04 10:18:42,136 vn.com.neo.wcg.Main ===========Khong co file moi
 
INFO  2017-10-04 10:18:42,136 vn.com.neo.wcg.Main ===========Sleep 1 gio
 
INFO  2017-10-04 11:56:24,131 vn.com.neo.wcg.Main ===========Load properties file
 
INFO  2017-10-04 11:56:24,133 vn.com.neo.wcg.Main ===========Bat dau chay ham run
 
INFO  2017-10-04 11:56:24,134 vn.com.neo.wcg.Main ===========Start get files
 
INFO  2017-10-04 11:56:24,135 vn.com.neo.wcg.Main ===========Bat dau tim file!!!!!
 
INFO  2017-10-04 11:56:24,137 vn.com.neo.wcg.Main ===========Bat dau check file!!!!!
 
WARN  2017-10-04 11:56:24,137 vn.com.neo.wcg.Main ===========Khong co file moi
 
INFO  2017-10-04 11:56:24,137 vn.com.neo.wcg.Main ===========Sleep 1 gio
 
INFO  2017-10-04 12:26:24,246 vn.com.neo.wcg.Main ===========Load properties file
 
INFO  2017-10-04 12:26:24,248 vn.com.neo.wcg.Main ===========Bat dau chay ham run
 
INFO  2017-10-04 12:26:24,249 vn.com.neo.wcg.Main ===========Start get files
 
INFO  2017-10-04 12:26:24,249 vn.com.neo.wcg.Main ===========Bat dau tim file!!!!!
 
INFO  2017-10-04 12:26:24,251 vn.com.neo.wcg.Main ===========Bat dau check file!!!!!
 
WARN  2017-10-04 12:26:24,251 vn.com.neo.wcg.Main ===========Khong co file moi
 
INFO  2017-10-04 12:26:24,251 vn.com.neo.wcg.Main ===========Sleep 1 gio
 
INFO  2017-10-04 12:29:18,616 vn.com.neo.wcg.Main ===========Load properties file
 
INFO  2017-10-04 12:29:18,618 vn.com.neo.wcg.Main ===========Bat dau chay ham run
 
INFO  2017-10-04 12:29:18,619 vn.com.neo.wcg.Main ===========Start get files
 
INFO  2017-10-04 12:29:18,620 vn.com.neo.wcg.Main ===========Bat dau tim file!!!!!
 
INFO  2017-10-04 12:29:18,621 vn.com.neo.wcg.Main ===========Bat dau check file!!!!!
 
WARN  2017-10-04 12:29:18,622 vn.com.neo.wcg.Main ===========Khong co file moi
 
INFO  2017-10-04 12:29:18,622 vn.com.neo.wcg.Main ===========Sleep 1 gio
 
INFO  2017-10-04 12:29:59,195 vn.com.neo.wcg.Main ===========Load properties file
 
INFO  2017-10-04 12:29:59,197 vn.com.neo.wcg.Main ===========Bat dau chay ham run
 
INFO  2017-10-04 12:29:59,198 vn.com.neo.wcg.Main ===========Start get files
 
INFO  2017-10-04 12:29:59,198 vn.com.neo.wcg.Main ===========Bat dau tim file!!!!!
 
INFO  2017-10-04 12:29:59,200 vn.com.neo.wcg.Main ===========Bat dau check file!!!!!
 
WARN  2017-10-04 12:29:59,200 vn.com.neo.wcg.Main ===========Khong co file moi
 
INFO  2017-10-04 12:29:59,200 vn.com.neo.wcg.Main ===========Sleep 1 gio
 
INFO  2017-10-04 12:33:00,007 vn.com.neo.wcg.Main ===========Load properties file
 
INFO  2017-10-04 12:33:00,009 vn.com.neo.wcg.Main ===========Bat dau chay ham run
 
INFO  2017-10-04 12:33:00,010 vn.com.neo.wcg.Main ===========Start get files
 
INFO  2017-10-04 12:33:00,010 vn.com.neo.wcg.Main ===========Bat dau tim file!!!!!
 
INFO  2017-10-04 12:33:00,012 vn.com.neo.wcg.Main ===========Bat dau check file!!!!!
 
WARN  2017-10-04 12:33:00,013 vn.com.neo.wcg.Main ===========Khong co file moi
 
INFO  2017-10-04 12:33:00,013 vn.com.neo.wcg.Main ===========Sleep 1 gio
 
INFO  2017-10-04 12:34:02,125 vn.com.neo.wcg.Main ===========Load properties file
 
INFO  2017-10-04 12:34:02,128 vn.com.neo.wcg.Main ===========Bat dau chay ham run
 
INFO  2017-10-04 12:34:02,128 vn.com.neo.wcg.Main ===========Start get files
 
INFO  2017-10-04 12:34:02,129 vn.com.neo.wcg.Main ===========Bat dau tim file!!!!!
 
INFO  2017-10-04 12:34:02,131 vn.com.neo.wcg.Main ===========Bat dau check file!!!!!
 
WARN  2017-10-04 12:34:02,132 vn.com.neo.wcg.Main ===========Khong co file moi
 
INFO  2017-10-04 12:34:02,132 vn.com.neo.wcg.Main ===========Sleep 1 gio
 
INFO  2017-10-04 12:35:04,046 vn.com.neo.wcg.Main ===========Load properties file
 
INFO  2017-10-04 12:35:04,048 vn.com.neo.wcg.Main ===========Bat dau chay ham run
 
INFO  2017-10-04 12:35:04,049 vn.com.neo.wcg.Main ===========Start get files
 
INFO  2017-10-04 12:35:04,050 vn.com.neo.wcg.Main ===========Bat dau tim file!!!!!
 
INFO  2017-10-04 12:35:04,052 vn.com.neo.wcg.Main ===========Bat dau check file!!!!!
 
WARN  2017-10-04 12:35:04,052 vn.com.neo.wcg.Main ===========Khong co file moi
 
INFO  2017-10-04 12:35:04,053 vn.com.neo.wcg.Main ===========Sleep 1 gio
 
INFO  2017-10-04 12:36:42,441 vn.com.neo.wcg.Main ===========Load properties file
 
INFO  2017-10-04 12:36:42,443 vn.com.neo.wcg.Main ===========Bat dau chay ham run
 
INFO  2017-10-04 12:36:42,444 vn.com.neo.wcg.Main ===========Start get files
 
INFO  2017-10-04 12:36:42,445 vn.com.neo.wcg.Main ===========Bat dau tim file!!!!!
 
INFO  2017-10-04 12:36:42,447 vn.com.neo.wcg.Main ===========Bat dau check file!!!!!
 
INFO  2017-10-04 12:36:42,449 vn.com.neo.wcg.Main ===========Sleep 1 gio
 
INFO  2017-10-04 12:37:40,192 vn.com.neo.wcg.Main ===========Load properties file
 
INFO  2017-10-04 12:37:40,194 vn.com.neo.wcg.Main ===========Bat dau chay ham run
 
INFO  2017-10-04 12:37:40,195 vn.com.neo.wcg.Main ===========Start get files
 
INFO  2017-10-04 12:37:40,196 vn.com.neo.wcg.Main ===========Bat dau tim file!!!!!
 
INFO  2017-10-04 12:37:40,198 vn.com.neo.wcg.Main ===========Bat dau check file!!!!!
 
INFO  2017-10-04 12:37:40,199 vn.com.neo.wcg.Main ===========Sleep 1 gio
 
INFO  2017-10-04 12:38:35,926 vn.com.neo.wcg.Main ===========Load properties file
 
INFO  2017-10-04 12:38:35,929 vn.com.neo.wcg.Main ===========Bat dau chay ham run
 
INFO  2017-10-04 12:38:35,930 vn.com.neo.wcg.Main ===========Start get files
 
INFO  2017-10-04 12:38:35,931 vn.com.neo.wcg.Main ===========Bat dau tim file!!!!!
 
INFO  2017-10-04 12:38:35,931 vn.com.neo.wcg.Main ===========Bat dau check file!!!!!
 
WARN  2017-10-04 12:38:35,932 vn.com.neo.wcg.Main ===========Khong co file moi
 
INFO  2017-10-04 12:38:35,932 vn.com.neo.wcg.Main ===========Sleep 1 gio
 
