INFO  2017-10-03 07:55:11,103 vn.com.neo.wcg.Main ===========Load properties file
 
INFO  2017-10-03 07:55:11,108 vn.com.neo.wcg.Main ===========Bat dau chay ham run
 
INFO  2017-10-03 07:55:11,120 vn.com.neo.wcg.Main ===========Start get files
 
INFO  2017-10-03 07:55:11,122 vn.com.neo.wcg.Main ===========Bat dau tim file!!!!!
 
INFO  2017-10-03 07:55:11,125 vn.com.neo.wcg.Main ===========Bat dau check file!!!!!
 
WARN  2017-10-03 07:55:11,128 vn.com.neo.wcg.Main ===========Khong co file moi
 
INFO  2017-10-03 07:55:11,130 vn.com.neo.wcg.Main ===========Sleep 1 gio
 
INFO  2017-10-03 07:55:24,015 vn.com.neo.wcg.Main ===========Load properties file
 
INFO  2017-10-03 07:55:24,018 vn.com.neo.wcg.Main ===========Bat dau chay ham run
 
INFO  2017-10-03 07:55:24,019 vn.com.neo.wcg.Main ===========Start get files
 
INFO  2017-10-03 07:55:24,020 vn.com.neo.wcg.Main ===========Bat dau tim file!!!!!
 
INFO  2017-10-03 07:55:24,021 vn.com.neo.wcg.Main ===========Bat dau check file!!!!!
 
WARN  2017-10-03 07:55:24,022 vn.com.neo.wcg.Main ===========Khong co file moi
 
INFO  2017-10-03 07:55:24,022 vn.com.neo.wcg.Main ===========Sleep 1 gio
 
INFO  2017-10-03 08:55:23,817 vn.com.neo.wcg.Main ===========Start get files
 
INFO  2017-10-03 08:55:23,819 vn.com.neo.wcg.Main ===========Bat dau tim file!!!!!
 
INFO  2017-10-03 08:55:23,820 vn.com.neo.wcg.Main ===========Bat dau check file!!!!!
 
WARN  2017-10-03 08:55:23,820 vn.com.neo.wcg.Main ===========Khong co file moi
 
INFO  2017-10-03 08:55:23,820 vn.com.neo.wcg.Main ===========Sleep 1 gio
 
INFO  2017-10-03 09:55:23,615 vn.com.neo.wcg.Main ===========Start get files
 
INFO  2017-10-03 09:55:23,617 vn.com.neo.wcg.Main ===========Bat dau tim file!!!!!
 
INFO  2017-10-03 09:55:23,617 vn.com.neo.wcg.Main ===========Bat dau check file!!!!!
 
WARN  2017-10-03 09:55:23,618 vn.com.neo.wcg.Main ===========Khong co file moi
 
INFO  2017-10-03 09:55:23,618 vn.com.neo.wcg.Main ===========Sleep 1 gio
 
INFO  2017-10-03 10:55:23,413 vn.com.neo.wcg.Main ===========Start get files
 
INFO  2017-10-03 10:55:23,415 vn.com.neo.wcg.Main ===========Bat dau tim file!!!!!
 
INFO  2017-10-03 10:55:23,415 vn.com.neo.wcg.Main ===========Bat dau check file!!!!!
 
WARN  2017-10-03 10:55:23,416 vn.com.neo.wcg.Main ===========Khong co file moi
 
INFO  2017-10-03 10:55:23,416 vn.com.neo.wcg.Main ===========Sleep 1 gio
 
INFO  2017-10-03 15:23:21,790 vn.com.neo.wcg.Main ===========Load properties file
 
INFO  2017-10-03 15:23:21,792 vn.com.neo.wcg.Main ===========Bat dau chay ham run
 
INFO  2017-10-03 15:23:21,793 vn.com.neo.wcg.Main ===========Start get files
 
INFO  2017-10-03 15:23:21,794 vn.com.neo.wcg.Main ===========Bat dau tim file!!!!!
 
INFO  2017-10-03 15:23:21,796 vn.com.neo.wcg.Main ===========Bat dau check file!!!!!
 
WARN  2017-10-03 15:23:21,796 vn.com.neo.wcg.Main ===========Khong co file moi
 
INFO  2017-10-03 15:23:21,796 vn.com.neo.wcg.Main ===========Sleep 1 gio
 
INFO  2017-10-03 16:23:21,591 vn.com.neo.wcg.Main ===========Start get files
 
INFO  2017-10-03 16:23:21,593 vn.com.neo.wcg.Main ===========Bat dau tim file!!!!!
 
INFO  2017-10-03 16:23:21,594 vn.com.neo.wcg.Main ===========Bat dau check file!!!!!
 
WARN  2017-10-03 16:23:21,594 vn.com.neo.wcg.Main ===========Khong co file moi
 
INFO  2017-10-03 16:23:21,594 vn.com.neo.wcg.Main ===========Sleep 1 gio
 
INFO  2017-10-03 17:23:21,389 vn.com.neo.wcg.Main ===========Start get files
 
INFO  2017-10-03 17:23:21,391 vn.com.neo.wcg.Main ===========Bat dau tim file!!!!!
 
INFO  2017-10-03 17:23:21,391 vn.com.neo.wcg.Main ===========Bat dau check file!!!!!
 
WARN  2017-10-03 17:23:21,392 vn.com.neo.wcg.Main ===========Khong co file moi
 
INFO  2017-10-03 17:23:21,392 vn.com.neo.wcg.Main ===========Sleep 1 gio
 
INFO  2017-10-03 18:23:21,187 vn.com.neo.wcg.Main ===========Start get files
 
INFO  2017-10-03 18:23:21,188 vn.com.neo.wcg.Main ===========Bat dau tim file!!!!!
 
INFO  2017-10-03 18:23:21,189 vn.com.neo.wcg.Main ===========Bat dau check file!!!!!
 
WARN  2017-10-03 18:23:21,189 vn.com.neo.wcg.Main ===========Khong co file moi
 
INFO  2017-10-03 18:23:21,189 vn.com.neo.wcg.Main ===========Sleep 1 gio
 
INFO  2017-10-03 19:23:20,985 vn.com.neo.wcg.Main ===========Start get files
 
INFO  2017-10-03 19:23:20,987 vn.com.neo.wcg.Main ===========Bat dau tim file!!!!!
 
INFO  2017-10-03 19:23:20,988 vn.com.neo.wcg.Main ===========Bat dau check file!!!!!
 
WARN  2017-10-03 19:23:20,988 vn.com.neo.wcg.Main ===========Khong co file moi
 
INFO  2017-10-03 19:23:20,988 vn.com.neo.wcg.Main ===========Sleep 1 gio
 
INFO  2017-10-03 20:23:20,783 vn.com.neo.wcg.Main ===========Start get files
 
INFO  2017-10-03 20:23:20,784 vn.com.neo.wcg.Main ===========Bat dau tim file!!!!!
 
INFO  2017-10-03 20:23:20,784 vn.com.neo.wcg.Main ===========Bat dau check file!!!!!
 
WARN  2017-10-03 20:23:20,784 vn.com.neo.wcg.Main ===========Khong co file moi
 
INFO  2017-10-03 20:23:20,784 vn.com.neo.wcg.Main ===========Sleep 1 gio
 
INFO  2017-10-03 21:23:20,579 vn.com.neo.wcg.Main ===========Start get files
 
INFO  2017-10-03 21:23:20,580 vn.com.neo.wcg.Main ===========Bat dau tim file!!!!!
 
INFO  2017-10-03 21:23:20,580 vn.com.neo.wcg.Main ===========Bat dau check file!!!!!
 
WARN  2017-10-03 21:23:20,580 vn.com.neo.wcg.Main ===========Khong co file moi
 
INFO  2017-10-03 21:23:20,580 vn.com.neo.wcg.Main ===========Sleep 1 gio
 
INFO  2017-10-03 22:23:20,375 vn.com.neo.wcg.Main ===========Start get files
 
INFO  2017-10-03 22:23:20,376 vn.com.neo.wcg.Main ===========Bat dau tim file!!!!!
 
INFO  2017-10-03 22:23:20,376 vn.com.neo.wcg.Main ===========Bat dau check file!!!!!
 
WARN  2017-10-03 22:23:20,376 vn.com.neo.wcg.Main ===========Khong co file moi
 
INFO  2017-10-03 22:23:20,376 vn.com.neo.wcg.Main ===========Sleep 1 gio
 
INFO  2017-10-03 23:23:20,171 vn.com.neo.wcg.Main ===========Start get files
 
INFO  2017-10-03 23:23:20,173 vn.com.neo.wcg.Main ===========Bat dau tim file!!!!!
 
INFO  2017-10-03 23:23:20,173 vn.com.neo.wcg.Main ===========Bat dau check file!!!!!
 
WARN  2017-10-03 23:23:20,174 vn.com.neo.wcg.Main ===========Khong co file moi
 
INFO  2017-10-03 23:23:20,174 vn.com.neo.wcg.Main ===========Sleep 1 gio
 
